<?xml version="1.0" encoding="UTF-8"?>
<!-- Generated by org.testng.reporters.JUnitReportReporter -->
<testsuite hostname="LAPTOP-E4ENJ8FH" failures="0" tests="1" name="FirstTest" time="4.592" errors="0" timestamp="2022-09-15T23:54:50 CST" skipped="0">
  <testcase classname="FirstTest" name="f" time="4.592"/>
  <system-out/>
</testsuite> <!-- FirstTest -->
